Using pre-set license
Built from '2020.2/release' branch; Version is '2020.2.0f1 (3721df5a8b28) revision 3613151'; Using compiler version '192528614'; Build Type 'Release'
OS: 'Windows 10  (10.0.0) 64bit' Language: 'en' Physical Memory: 8143 MB
BatchMode: 1, IsHumanControllingUs: 0, StartBugReporterOnCrash: 0, Is64bit: 1, IsPro: 0

 COMMAND LINE ARGUMENTS:
C:\Program Files\Unity\Hub\Editor\2020.2.0f1\Editor\Unity.exe
-adb2
-batchMode
-noUpm
-name
AssetImportWorker0
-projectPath
C:/Users/sethpaxton/Desktop/Projects/RPGjam/RPGjam_2020_git/RPGjam_2020
-logFile
Logs/AssetImportWorker0.log
-srvPort
57102
Successfully changed project path to: C:/Users/sethpaxton/Desktop/Projects/RPGjam/RPGjam_2020_git/RPGjam_2020
C:/Users/sethpaxton/Desktop/Projects/RPGjam/RPGjam_2020_git/RPGjam_2020
Using Asset Import Pipeline V2.
Refreshing native plugins compatible for Editor in 66.02 ms, found 0 plugins.
Preloading 0 native plugins for Editor in 0.00 ms.
Initialize engine version: 2020.2.0f1 (3721df5a8b28)
[Subsystems] Discovering subsystems at path C:/Program Files/Unity/Hub/Editor/2020.2.0f1/Editor/Data/Resources/UnitySubsystems
[Subsystems] Discovering subsystems at path C:/Users/sethpaxton/Desktop/Projects/RPGjam/RPGjam_2020_git/RPGjam_2020/Assets
GfxDevice: creating device client; threaded=0
Direct3D:
    Version:  Direct3D 11.0 [level 10.0]
    Renderer: NVIDIA Quadro FX 3800 (ID=0x5ff)
    Vendor:   
    VRAM:     989 MB
    Driver:   21.21.13.4201
Initialize mono
Mono path[0] = 'C:/Program Files/Unity/Hub/Editor/2020.2.0f1/Editor/Data/Managed'
Mono path[1] = 'C:/Program Files/Unity/Hub/Editor/2020.2.0f1/Editor/Data/MonoBleedingEdge/lib/mono/unityjit'
Mono config path = 'C:/Program Files/Unity/Hub/Editor/2020.2.0f1/Editor/Data/MonoBleedingEdge/etc'
Using monoOptions --debugger-agent=transport=dt_socket,embedding=1,server=y,suspend=n,address=127.0.0.1:56848
Begin MonoManager ReloadAssembly
Registering precompiled unity dll's ...
Register platform support module: C:/Program Files/Unity/Hub/Editor/2020.2.0f1/Editor/Data/PlaybackEngines/WebGLSupport/UnityEditor.WebGL.Extensions.dll
Register platform support module: C:/Program Files/Unity/Hub/Editor/2020.2.0f1/Editor/Data/PlaybackEngines/MacStandaloneSupport/UnityEditor.OSXStandalone.Extensions.dll
Register platform support module: C:/Program Files/Unity/Hub/Editor/2020.2.0f1/Editor/Data/PlaybackEngines/WindowsStandaloneSupport/UnityEditor.WindowsStandalone.Extensions.dll
Registered in 0.002441 seconds.
Native extension for WindowsStandalone target not found
Native extension for OSXStandalone target not found
Native extension for WebGL target not found
Refreshing native plugins compatible for Editor in 26.29 ms, found 0 plugins.
Preloading 0 native plugins for Editor in 0.00 ms.
Unable to find bridge dll in registry for Microsoft Visual Studio Tools for Unity for C:\Program Files (x86)\Microsoft Visual Studio\2017\Community\Common7\IDE\devenv.exe
Invoked RoslynAnalysisRunner static constructor.
RoslynAnalysisRunner will not be running.
RoslynAnalysisRunner has terminated.
Mono: successfully reloaded assembly
- Completed reload, in  1.079 seconds
Platform modules already initialized, skipping
Registering precompiled user dll's ...
Registered in 0.000857 seconds.
Begin MonoManager ReloadAssembly
Native extension for WindowsStandalone target not found
Native extension for OSXStandalone target not found
Native extension for WebGL target not found
Refreshing native plugins compatible for Editor in 0.25 ms, found 0 plugins.
Preloading 0 native plugins for Editor in 0.00 ms.
Invoked RoslynAnalysisRunner static constructor.
RoslynAnalysisRunner will not be running.
RoslynAnalysisRunner has terminated.
Mono: successfully reloaded assembly
- Completed reload, in  0.803 seconds
Platform modules already initialized, skipping
========================================================================
Worker process is ready to serve import requests
Launched and connected shader compiler UnityShaderCompiler.exe after 0.14 seconds
Refreshing native plugins compatible for Editor in 0.33 ms, found 0 plugins.
Preloading 0 native plugins for Editor in 0.00 ms.
Unloading 1309 Unused Serialized files (Serialized files now loaded: 0)
System memory in use before: 62.9 MB.
System memory in use after: 63.0 MB.

Unloading 15 unused Assets to reduce memory usage. Loaded Objects now: 1751.
Total: 2.623600 ms (FindLiveObjects: 0.237200 ms CreateObjectMapping: 0.123700 ms MarkObjects: 2.189400 ms  DeleteObjects: 0.072100 ms)

========================================================================
Received Import Request.
  path: Assets/Art/Fish/Marlin_Prefab.prefab
  artifactKey: Guid(9037862d880aa88418033278b8276e8b) Importer(815301076,1909f56bfc062723c751e8b465ee728b)
Start importing Assets/Art/Fish/Marlin_Prefab.prefab using Guid(9037862d880aa88418033278b8276e8b) Importer(815301076,1909f56bfc062723c751e8b465ee728b)  -> (artifact id: '232deb3a483ff1ad050f511c7a8afb27') in 0.718865 seconds
  Import took 0.808611 seconds .

========================================================================
Received Import Request.
  Time since last request: 17.252013 seconds.
  path: Assets/Scenes/GoneFishing.unity
  artifactKey: Guid(0f6f33ed47d2b8d45b103e1cc7e2ab68) Importer(815301076,1909f56bfc062723c751e8b465ee728b)
Start importing Assets/Scenes/GoneFishing.unity using Guid(0f6f33ed47d2b8d45b103e1cc7e2ab68) Importer(815301076,1909f56bfc062723c751e8b465ee728b)  -> (artifact id: 'e2fd1d0086c7f8b37c4125fb0c7fc30c') in 0.040790 seconds
  Import took 0.078607 seconds .

========================================================================
Received Import Request.
  Time since last request: 52.523237 seconds.
  path: Assets/Art/Fish/Marlin_Prefab 1.prefab
  artifactKey: Guid(28d4b3428a6fdc64687752b68e947852) Importer(815301076,1909f56bfc062723c751e8b465ee728b)
Start importing Assets/Art/Fish/Marlin_Prefab 1.prefab using Guid(28d4b3428a6fdc64687752b68e947852) Importer(815301076,1909f56bfc062723c751e8b465ee728b)  -> (artifact id: 'a4e7f0879d5398a822209280554441dd') in 0.020544 seconds
  Import took 0.093145 seconds .

========================================================================
Received Import Request.
  Time since last request: 94.449642 seconds.
  path: Assets/Art/Fish/Sailfish_Prefab.prefab
  artifactKey: Guid(3af4d0583fba8c944b0a8abde2a7a87a) Importer(815301076,1909f56bfc062723c751e8b465ee728b)
Start importing Assets/Art/Fish/Sailfish_Prefab.prefab using Guid(3af4d0583fba8c944b0a8abde2a7a87a) Importer(815301076,1909f56bfc062723c751e8b465ee728b)  -> (artifact id: '50e8c4736576c5e5ba183917543e1cf7') in 0.023347 seconds
  Import took 0.064684 seconds .

========================================================================
Received Import Request.
  Time since last request: 55.539773 seconds.
  path: Assets/Art/Fish/Swordfish_Prefab.prefab
  artifactKey: Guid(c66dc8de92618e9499ef72d7d41aa482) Importer(815301076,1909f56bfc062723c751e8b465ee728b)
Start importing Assets/Art/Fish/Swordfish_Prefab.prefab using Guid(c66dc8de92618e9499ef72d7d41aa482) Importer(815301076,1909f56bfc062723c751e8b465ee728b)  -> (artifact id: 'b3696d54443dedb0e2ca3f618e56445b') in 0.031629 seconds
  Import took 0.071158 seconds .

========================================================================
Received Import Request.
  Time since last request: 12.352193 seconds.
  path: Assets/Art/Fish/Sailfish_Prefab.prefab
  artifactKey: Guid(3af4d0583fba8c944b0a8abde2a7a87a) Importer(815301076,1909f56bfc062723c751e8b465ee728b)
Start importing Assets/Art/Fish/Sailfish_Prefab.prefab using Guid(3af4d0583fba8c944b0a8abde2a7a87a) Importer(815301076,1909f56bfc062723c751e8b465ee728b)  -> (artifact id: 'e783df2a235286685c7911b311ed9fca') in 0.014199 seconds
  Import took 0.051858 seconds .

========================================================================
Received Import Request.
  Time since last request: 6.734407 seconds.
  path: Assets/Art/Fish/Sailfish_Prefab.prefab
  artifactKey: Guid(3af4d0583fba8c944b0a8abde2a7a87a) Importer(815301076,1909f56bfc062723c751e8b465ee728b)
Start importing Assets/Art/Fish/Sailfish_Prefab.prefab using Guid(3af4d0583fba8c944b0a8abde2a7a87a) Importer(815301076,1909f56bfc062723c751e8b465ee728b)  -> (artifact id: '34e0eef288e8cc0561cdc0d76d6a6eba') in 0.011735 seconds
  Import took 0.015008 seconds .

========================================================================
Received Import Request.
  Time since last request: 5.352973 seconds.
  path: Assets/Art/Fish/Swordfish_Prefab.prefab
  artifactKey: Guid(c66dc8de92618e9499ef72d7d41aa482) Importer(815301076,1909f56bfc062723c751e8b465ee728b)
Start importing Assets/Art/Fish/Swordfish_Prefab.prefab using Guid(c66dc8de92618e9499ef72d7d41aa482) Importer(815301076,1909f56bfc062723c751e8b465ee728b)  -> (artifact id: 'ee0ae924f2bea909fecfa24378d1c781') in 0.011786 seconds
  Import took 0.026278 seconds .

========================================================================
Received Import Request.
  Time since last request: 35.514859 seconds.
  path: Assets/Scripts/scr_fishtarget.cs
  artifactKey: Guid(239f649cca469ff48a431d03ff1fc9a7) Importer(815301076,1909f56bfc062723c751e8b465ee728b)
Start importing Assets/Scripts/scr_fishtarget.cs using Guid(239f649cca469ff48a431d03ff1fc9a7) Importer(815301076,1909f56bfc062723c751e8b465ee728b)  -> (artifact id: 'a1aef97617712417061620bab09242ac') in 0.179492 seconds
  Import took 0.209829 seconds .

========================================================================
Received Import Request.
  Time since last request: 0.782861 seconds.
  path: Assets/Scripts/scr_fishing_combat.cs
  artifactKey: Guid(e01e7f89b025fc34db12568a5fa27e2b) Importer(815301076,1909f56bfc062723c751e8b465ee728b)
Start importing Assets/Scripts/scr_fishing_combat.cs using Guid(e01e7f89b025fc34db12568a5fa27e2b) Importer(815301076,1909f56bfc062723c751e8b465ee728b)  -> (artifact id: 'f49003913d7d108538384ed31ab08d43') in 0.007885 seconds
  Import took 0.038100 seconds .

========================================================================
Received Prepare
Registering precompiled user dll's ...
Registered in 0.000782 seconds.
Begin MonoManager ReloadAssembly
Native extension for WindowsStandalone target not found
Native extension for OSXStandalone target not found
Native extension for WebGL target not found
Refreshing native plugins compatible for Editor in 0.33 ms, found 0 plugins.
Preloading 0 native plugins for Editor in 0.00 ms.
Invoked RoslynAnalysisRunner static constructor.
RoslynAnalysisRunner will not be running.
RoslynAnalysisRunner has terminated.
Mono: successfully reloaded assembly
- Completed reload, in  1.034 seconds
Platform modules already initialized, skipping
Refreshing native plugins compatible for Editor in 0.55 ms, found 0 plugins.
Preloading 0 native plugins for Editor in 0.00 ms.
Unloading 1305 Unused Serialized files (Serialized files now loaded: 0)
System memory in use before: 66.2 MB.
System memory in use after: 66.3 MB.

Unloading 6 unused Assets to reduce memory usage. Loaded Objects now: 1761.
Total: 1.706600 ms (FindLiveObjects: 0.136100 ms CreateObjectMapping: 0.041500 ms MarkObjects: 1.497800 ms  DeleteObjects: 0.030200 ms)

========================================================================
Received Prepare
Registering precompiled user dll's ...
Registered in 0.000624 seconds.
Begin MonoManager ReloadAssembly
Native extension for WindowsStandalone target not found
Native extension for OSXStandalone target not found
Native extension for WebGL target not found
Refreshing native plugins compatible for Editor in 0.27 ms, found 0 plugins.
Preloading 0 native plugins for Editor in 0.00 ms.
Invoked RoslynAnalysisRunner static constructor.
RoslynAnalysisRunner will not be running.
RoslynAnalysisRunner has terminated.
Mono: successfully reloaded assembly
- Completed reload, in  0.845 seconds
Platform modules already initialized, skipping
Refreshing native plugins compatible for Editor in 0.57 ms, found 0 plugins.
Preloading 0 native plugins for Editor in 0.00 ms.
Unloading 1304 Unused Serialized files (Serialized files now loaded: 0)
System memory in use before: 66.3 MB.
System memory in use after: 66.4 MB.

Unloading 6 unused Assets to reduce memory usage. Loaded Objects now: 1763.
Total: 2.303900 ms (FindLiveObjects: 0.209600 ms CreateObjectMapping: 0.110300 ms MarkObjects: 1.946900 ms  DeleteObjects: 0.035900 ms)

========================================================================
Received Prepare
Registering precompiled user dll's ...
Registered in 0.000617 seconds.
Begin MonoManager ReloadAssembly
Native extension for WindowsStandalone target not found
Native extension for OSXStandalone target not found
Native extension for WebGL target not found
Refreshing native plugins compatible for Editor in 0.31 ms, found 0 plugins.
Preloading 0 native plugins for Editor in 0.00 ms.
Invoked RoslynAnalysisRunner static constructor.
RoslynAnalysisRunner will not be running.
RoslynAnalysisRunner has terminated.
Mono: successfully reloaded assembly
- Completed reload, in  0.931 seconds
Platform modules already initialized, skipping
Refreshing native plugins compatible for Editor in 0.34 ms, found 0 plugins.
Preloading 0 native plugins for Editor in 0.00 ms.
Unloading 1304 Unused Serialized files (Serialized files now loaded: 0)
System memory in use before: 66.4 MB.
System memory in use after: 66.5 MB.

Unloading 6 unused Assets to reduce memory usage. Loaded Objects now: 1765.
Total: 1.851000 ms (FindLiveObjects: 0.162700 ms CreateObjectMapping: 0.080700 ms MarkObjects: 1.553200 ms  DeleteObjects: 0.053500 ms)

========================================================================
Received Prepare
Registering precompiled user dll's ...
Registered in 0.000616 seconds.
Begin MonoManager ReloadAssembly
Native extension for WindowsStandalone target not found
Native extension for OSXStandalone target not found
Native extension for WebGL target not found
Refreshing native plugins compatible for Editor in 0.31 ms, found 0 plugins.
Preloading 0 native plugins for Editor in 0.00 ms.
Invoked RoslynAnalysisRunner static constructor.
RoslynAnalysisRunner will not be running.
RoslynAnalysisRunner has terminated.
Mono: successfully reloaded assembly
- Completed reload, in  0.905 seconds
Platform modules already initialized, skipping
Refreshing native plugins compatible for Editor in 0.37 ms, found 0 plugins.
Preloading 0 native plugins for Editor in 0.00 ms.
Unloading 1304 Unused Serialized files (Serialized files now loaded: 0)
System memory in use before: 66.5 MB.
System memory in use after: 66.5 MB.

Unloading 6 unused Assets to reduce memory usage. Loaded Objects now: 1767.
Total: 1.963000 ms (FindLiveObjects: 0.223700 ms CreateObjectMapping: 0.046300 ms MarkObjects: 1.651200 ms  DeleteObjects: 0.040700 ms)

========================================================================
Received Prepare
Registering precompiled user dll's ...
Registered in 0.000601 seconds.
Begin MonoManager ReloadAssembly
Native extension for WindowsStandalone target not found
Native extension for OSXStandalone target not found
Native extension for WebGL target not found
Refreshing native plugins compatible for Editor in 0.27 ms, found 0 plugins.
Preloading 0 native plugins for Editor in 0.00 ms.
Invoked RoslynAnalysisRunner static constructor.
RoslynAnalysisRunner will not be running.
RoslynAnalysisRunner has terminated.
Mono: successfully reloaded assembly
- Completed reload, in  0.760 seconds
Platform modules already initialized, skipping
Refreshing native plugins compatible for Editor in 0.46 ms, found 0 plugins.
Preloading 0 native plugins for Editor in 0.00 ms.
Unloading 1304 Unused Serialized files (Serialized files now loaded: 0)
System memory in use before: 66.5 MB.
System memory in use after: 66.6 MB.

Unloading 6 unused Assets to reduce memory usage. Loaded Objects now: 1769.
Total: 2.081200 ms (FindLiveObjects: 0.213400 ms CreateObjectMapping: 0.130100 ms MarkObjects: 1.702500 ms  DeleteObjects: 0.033400 ms)

========================================================================
Received Prepare
Registering precompiled user dll's ...
Registered in 0.000725 seconds.
Begin MonoManager ReloadAssembly
Native extension for WindowsStandalone target not found
Native extension for OSXStandalone target not found
Native extension for WebGL target not found
Refreshing native plugins compatible for Editor in 0.29 ms, found 0 plugins.
Preloading 0 native plugins for Editor in 0.00 ms.
Invoked RoslynAnalysisRunner static constructor.
RoslynAnalysisRunner will not be running.
RoslynAnalysisRunner has terminated.
Mono: successfully reloaded assembly
- Completed reload, in  0.685 seconds
Platform modules already initialized, skipping
Refreshing native plugins compatible for Editor in 0.53 ms, found 0 plugins.
Preloading 0 native plugins for Editor in 0.00 ms.
Unloading 1304 Unused Serialized files (Serialized files now loaded: 0)
System memory in use before: 66.6 MB.
System memory in use after: 66.7 MB.

Unloading 6 unused Assets to reduce memory usage. Loaded Objects now: 1771.
Total: 2.293800 ms (FindLiveObjects: 0.215900 ms CreateObjectMapping: 0.093500 ms MarkObjects: 1.945600 ms  DeleteObjects: 0.037500 ms)

========================================================================
Received Prepare
Registering precompiled user dll's ...
Registered in 0.000603 seconds.
Begin MonoManager ReloadAssembly
Native extension for WindowsStandalone target not found
Native extension for OSXStandalone target not found
Native extension for WebGL target not found
Refreshing native plugins compatible for Editor in 0.24 ms, found 0 plugins.
Preloading 0 native plugins for Editor in 0.00 ms.
Invoked RoslynAnalysisRunner static constructor.
RoslynAnalysisRunner will not be running.
RoslynAnalysisRunner has terminated.
Mono: successfully reloaded assembly
- Completed reload, in  0.790 seconds
Platform modules already initialized, skipping
Refreshing native plugins compatible for Editor in 0.47 ms, found 0 plugins.
Preloading 0 native plugins for Editor in 0.00 ms.
Unloading 1304 Unused Serialized files (Serialized files now loaded: 0)
System memory in use before: 66.7 MB.
System memory in use after: 66.8 MB.

Unloading 6 unused Assets to reduce memory usage. Loaded Objects now: 1773.
Total: 1.757800 ms (FindLiveObjects: 0.237300 ms CreateObjectMapping: 0.060900 ms MarkObjects: 1.426400 ms  DeleteObjects: 0.032000 ms)

========================================================================
Received Prepare
Registering precompiled user dll's ...
Registered in 0.000769 seconds.
Begin MonoManager ReloadAssembly
Native extension for WindowsStandalone target not found
Native extension for OSXStandalone target not found
Native extension for WebGL target not found
Refreshing native plugins compatible for Editor in 0.26 ms, found 0 plugins.
Preloading 0 native plugins for Editor in 0.00 ms.
Invoked RoslynAnalysisRunner static constructor.
RoslynAnalysisRunner will not be running.
RoslynAnalysisRunner has terminated.
Mono: successfully reloaded assembly
- Completed reload, in  0.824 seconds
Platform modules already initialized, skipping
Refreshing native plugins compatible for Editor in 0.32 ms, found 0 plugins.
Preloading 0 native plugins for Editor in 0.00 ms.
Unloading 1304 Unused Serialized files (Serialized files now loaded: 0)
System memory in use before: 66.8 MB.
System memory in use after: 66.9 MB.

Unloading 6 unused Assets to reduce memory usage. Loaded Objects now: 1775.
Total: 1.731800 ms (FindLiveObjects: 0.143600 ms CreateObjectMapping: 0.044800 ms MarkObjects: 1.502800 ms  DeleteObjects: 0.039700 ms)

========================================================================
Received Prepare
Registering precompiled user dll's ...
Registered in 0.000723 seconds.
Begin MonoManager ReloadAssembly
Native extension for WindowsStandalone target not found
Native extension for OSXStandalone target not found
Native extension for WebGL target not found
Refreshing native plugins compatible for Editor in 0.22 ms, found 0 plugins.
Preloading 0 native plugins for Editor in 0.00 ms.
Invoked RoslynAnalysisRunner static constructor.
RoslynAnalysisRunner will not be running.
RoslynAnalysisRunner has terminated.
Mono: successfully reloaded assembly
- Completed reload, in  0.786 seconds
Platform modules already initialized, skipping
Refreshing native plugins compatible for Editor in 0.51 ms, found 0 plugins.
Preloading 0 native plugins for Editor in 0.00 ms.
Unloading 1304 Unused Serialized files (Serialized files now loaded: 0)
System memory in use before: 66.9 MB.
System memory in use after: 67.0 MB.

Unloading 6 unused Assets to reduce memory usage. Loaded Objects now: 1777.
Total: 1.570600 ms (FindLiveObjects: 0.145800 ms CreateObjectMapping: 0.043100 ms MarkObjects: 1.326400 ms  DeleteObjects: 0.054400 ms)

========================================================================
Received Prepare
Registering precompiled user dll's ...
Registered in 0.000642 seconds.
Begin MonoManager ReloadAssembly
Native extension for WindowsStandalone target not found
Native extension for OSXStandalone target not found
Native extension for WebGL target not found
Refreshing native plugins compatible for Editor in 0.34 ms, found 0 plugins.
Preloading 0 native plugins for Editor in 0.00 ms.
Invoked RoslynAnalysisRunner static constructor.
RoslynAnalysisRunner will not be running.
RoslynAnalysisRunner has terminated.
Mono: successfully reloaded assembly
- Completed reload, in  0.834 seconds
Platform modules already initialized, skipping
Refreshing native plugins compatible for Editor in 0.34 ms, found 0 plugins.
Preloading 0 native plugins for Editor in 0.00 ms.
Unloading 1304 Unused Serialized files (Serialized files now loaded: 0)
System memory in use before: 67.0 MB.
System memory in use after: 67.1 MB.

Unloading 6 unused Assets to reduce memory usage. Loaded Objects now: 1779.
Total: 1.938400 ms (FindLiveObjects: 0.275100 ms CreateObjectMapping: 0.118600 ms MarkObjects: 1.509300 ms  DeleteObjects: 0.034000 ms)

========================================================================
Received Prepare
Registering precompiled user dll's ...
Registered in 0.000638 seconds.
Begin MonoManager ReloadAssembly
Native extension for WindowsStandalone target not found
Native extension for OSXStandalone target not found
Native extension for WebGL target not found
Refreshing native plugins compatible for Editor in 0.41 ms, found 0 plugins.
Preloading 0 native plugins for Editor in 0.00 ms.
Invoked RoslynAnalysisRunner static constructor.
RoslynAnalysisRunner will not be running.
RoslynAnalysisRunner has terminated.
Mono: successfully reloaded assembly
- Completed reload, in  0.768 seconds
Platform modules already initialized, skipping
Refreshing native plugins compatible for Editor in 0.49 ms, found 0 plugins.
Preloading 0 native plugins for Editor in 0.00 ms.
Unloading 1304 Unused Serialized files (Serialized files now loaded: 0)
System memory in use before: 67.1 MB.
System memory in use after: 67.2 MB.

Unloading 6 unused Assets to reduce memory usage. Loaded Objects now: 1781.
Total: 1.927200 ms (FindLiveObjects: 0.188900 ms CreateObjectMapping: 0.097800 ms MarkObjects: 1.580100 ms  DeleteObjects: 0.059700 ms)

========================================================================
Received Prepare
Registering precompiled user dll's ...
Registered in 0.000732 seconds.
Begin MonoManager ReloadAssembly
Native extension for WindowsStandalone target not found
Native extension for OSXStandalone target not found
Native extension for WebGL target not found
Refreshing native plugins compatible for Editor in 0.30 ms, found 0 plugins.
Preloading 0 native plugins for Editor in 0.00 ms.
Invoked RoslynAnalysisRunner static constructor.
RoslynAnalysisRunner will not be running.
RoslynAnalysisRunner has terminated.
Mono: successfully reloaded assembly
- Completed reload, in  0.701 seconds
Platform modules already initialized, skipping
Refreshing native plugins compatible for Editor in 0.35 ms, found 0 plugins.
Preloading 0 native plugins for Editor in 0.00 ms.
Unloading 1304 Unused Serialized files (Serialized files now loaded: 0)
System memory in use before: 67.1 MB.
System memory in use after: 67.2 MB.

Unloading 6 unused Assets to reduce memory usage. Loaded Objects now: 1783.
Total: 2.228100 ms (FindLiveObjects: 0.330500 ms CreateObjectMapping: 0.136600 ms MarkObjects: 1.716000 ms  DeleteObjects: 0.043400 ms)

========================================================================
Received Prepare
Registering precompiled user dll's ...
Registered in 0.000985 seconds.
Begin MonoManager ReloadAssembly
Native extension for WindowsStandalone target not found
Native extension for OSXStandalone target not found
Native extension for WebGL target not found
Refreshing native plugins compatible for Editor in 0.42 ms, found 0 plugins.
Preloading 0 native plugins for Editor in 0.00 ms.
Invoked RoslynAnalysisRunner static constructor.
RoslynAnalysisRunner will not be running.
RoslynAnalysisRunner has terminated.
Mono: successfully reloaded assembly
- Completed reload, in  0.929 seconds
Platform modules already initialized, skipping
Refreshing native plugins compatible for Editor in 0.34 ms, found 0 plugins.
Preloading 0 native plugins for Editor in 0.00 ms.
Unloading 1304 Unused Serialized files (Serialized files now loaded: 0)
System memory in use before: 67.2 MB.
System memory in use after: 67.3 MB.

Unloading 6 unused Assets to reduce memory usage. Loaded Objects now: 1785.
Total: 1.599800 ms (FindLiveObjects: 0.141400 ms CreateObjectMapping: 0.040900 ms MarkObjects: 1.378800 ms  DeleteObjects: 0.037900 ms)

========================================================================
Received Prepare
Registering precompiled user dll's ...
Registered in 0.001151 seconds.
Begin MonoManager ReloadAssembly
Native extension for WindowsStandalone target not found
Native extension for OSXStandalone target not found
Native extension for WebGL target not found
Refreshing native plugins compatible for Editor in 0.28 ms, found 0 plugins.
Preloading 0 native plugins for Editor in 0.00 ms.
Invoked RoslynAnalysisRunner static constructor.
RoslynAnalysisRunner will not be running.
RoslynAnalysisRunner has terminated.
Mono: successfully reloaded assembly
- Completed reload, in  0.810 seconds
Platform modules already initialized, skipping
Refreshing native plugins compatible for Editor in 0.34 ms, found 0 plugins.
Preloading 0 native plugins for Editor in 0.00 ms.
Unloading 1304 Unused Serialized files (Serialized files now loaded: 0)
System memory in use before: 67.3 MB.
System memory in use after: 67.4 MB.

Unloading 6 unused Assets to reduce memory usage. Loaded Objects now: 1787.
Total: 2.440200 ms (FindLiveObjects: 0.257500 ms CreateObjectMapping: 0.119500 ms MarkObjects: 2.012900 ms  DeleteObjects: 0.049100 ms)

========================================================================
Received Prepare
Registering precompiled user dll's ...
Registered in 0.001076 seconds.
Begin MonoManager ReloadAssembly
Native extension for WindowsStandalone target not found
Native extension for OSXStandalone target not found
Native extension for WebGL target not found
Refreshing native plugins compatible for Editor in 0.38 ms, found 0 plugins.
Preloading 0 native plugins for Editor in 0.00 ms.
Invoked RoslynAnalysisRunner static constructor.
RoslynAnalysisRunner will not be running.
RoslynAnalysisRunner has terminated.
Mono: successfully reloaded assembly
- Completed reload, in  0.864 seconds
Platform modules already initialized, skipping
Refreshing native plugins compatible for Editor in 0.34 ms, found 0 plugins.
Preloading 0 native plugins for Editor in 0.00 ms.
Unloading 1304 Unused Serialized files (Serialized files now loaded: 0)
System memory in use before: 67.4 MB.
System memory in use after: 67.5 MB.

Unloading 6 unused Assets to reduce memory usage. Loaded Objects now: 1789.
Total: 1.850500 ms (FindLiveObjects: 0.175100 ms CreateObjectMapping: 0.082200 ms MarkObjects: 1.561300 ms  DeleteObjects: 0.030900 ms)

========================================================================
Received Prepare
Registering precompiled user dll's ...
Registered in 0.000882 seconds.
Begin MonoManager ReloadAssembly
Native extension for WindowsStandalone target not found
Native extension for OSXStandalone target not found
Native extension for WebGL target not found
Refreshing native plugins compatible for Editor in 0.26 ms, found 0 plugins.
Preloading 0 native plugins for Editor in 0.00 ms.
Invoked RoslynAnalysisRunner static constructor.
RoslynAnalysisRunner will not be running.
RoslynAnalysisRunner has terminated.
Mono: successfully reloaded assembly
- Completed reload, in  0.727 seconds
Platform modules already initialized, skipping
Refreshing native plugins compatible for Editor in 0.47 ms, found 0 plugins.
Preloading 0 native plugins for Editor in 0.00 ms.
Unloading 1304 Unused Serialized files (Serialized files now loaded: 0)
System memory in use before: 67.5 MB.
System memory in use after: 67.6 MB.

Unloading 6 unused Assets to reduce memory usage. Loaded Objects now: 1791.
Total: 2.458900 ms (FindLiveObjects: 0.336500 ms CreateObjectMapping: 0.141000 ms MarkObjects: 1.943600 ms  DeleteObjects: 0.035800 ms)

========================================================================
Received Prepare
Registering precompiled user dll's ...
Registered in 0.000668 seconds.
Begin MonoManager ReloadAssembly
Native extension for WindowsStandalone target not found
Native extension for OSXStandalone target not found
Native extension for WebGL target not found
Refreshing native plugins compatible for Editor in 0.34 ms, found 0 plugins.
Preloading 0 native plugins for Editor in 0.00 ms.
Invoked RoslynAnalysisRunner static constructor.
RoslynAnalysisRunner will not be running.
RoslynAnalysisRunner has terminated.
Mono: successfully reloaded assembly
- Completed reload, in  0.777 seconds
Platform modules already initialized, skipping
Refreshing native plugins compatible for Editor in 0.47 ms, found 0 plugins.
Preloading 0 native plugins for Editor in 0.00 ms.
Unloading 1304 Unused Serialized files (Serialized files now loaded: 0)
System memory in use before: 67.6 MB.
System memory in use after: 67.7 MB.

Unloading 6 unused Assets to reduce memory usage. Loaded Objects now: 1793.
Total: 1.664400 ms (FindLiveObjects: 0.135800 ms CreateObjectMapping: 0.040900 ms MarkObjects: 1.448100 ms  DeleteObjects: 0.038600 ms)

========================================================================
Received Prepare
Registering precompiled user dll's ...
Registered in 0.000615 seconds.
Begin MonoManager ReloadAssembly
Native extension for WindowsStandalone target not found
Native extension for OSXStandalone target not found
Native extension for WebGL target not found
Refreshing native plugins compatible for Editor in 0.27 ms, found 0 plugins.
Preloading 0 native plugins for Editor in 0.00 ms.
Invoked RoslynAnalysisRunner static constructor.
RoslynAnalysisRunner will not be running.
RoslynAnalysisRunner has terminated.
Mono: successfully reloaded assembly
- Completed reload, in  0.783 seconds
Platform modules already initialized, skipping
Refreshing native plugins compatible for Editor in 0.44 ms, found 0 plugins.
Preloading 0 native plugins for Editor in 0.00 ms.
Unloading 1304 Unused Serialized files (Serialized files now loaded: 0)
System memory in use before: 67.7 MB.
System memory in use after: 67.8 MB.

Unloading 6 unused Assets to reduce memory usage. Loaded Objects now: 1795.
Total: 2.850000 ms (FindLiveObjects: 0.244000 ms CreateObjectMapping: 0.076200 ms MarkObjects: 2.484800 ms  DeleteObjects: 0.043700 ms)

========================================================================
Received Prepare
Registering precompiled user dll's ...
Registered in 0.000631 seconds.
Begin MonoManager ReloadAssembly
Native extension for WindowsStandalone target not found
Native extension for OSXStandalone target not found
Native extension for WebGL target not found
Refreshing native plugins compatible for Editor in 0.28 ms, found 0 plugins.
Preloading 0 native plugins for Editor in 0.00 ms.
Invoked RoslynAnalysisRunner static constructor.
RoslynAnalysisRunner will not be running.
RoslynAnalysisRunner has terminated.
Mono: successfully reloaded assembly
- Completed reload, in  0.802 seconds
Platform modules already initialized, skipping
Refreshing native plugins compatible for Editor in 0.33 ms, found 0 plugins.
Preloading 0 native plugins for Editor in 0.00 ms.
Unloading 1304 Unused Serialized files (Serialized files now loaded: 0)
System memory in use before: 67.8 MB.
System memory in use after: 67.8 MB.

Unloading 6 unused Assets to reduce memory usage. Loaded Objects now: 1797.
Total: 2.526300 ms (FindLiveObjects: 0.380300 ms CreateObjectMapping: 0.205400 ms MarkObjects: 1.901900 ms  DeleteObjects: 0.036700 ms)

========================================================================
Received Prepare
Registering precompiled user dll's ...
Registered in 0.000765 seconds.
Begin MonoManager ReloadAssembly
Native extension for WindowsStandalone target not found
Native extension for OSXStandalone target not found
Native extension for WebGL target not found
Refreshing native plugins compatible for Editor in 0.27 ms, found 0 plugins.
Preloading 0 native plugins for Editor in 0.00 ms.
Invoked RoslynAnalysisRunner static constructor.
RoslynAnalysisRunner will not be running.
RoslynAnalysisRunner has terminated.
Mono: successfully reloaded assembly
- Completed reload, in  0.884 seconds
Platform modules already initialized, skipping
Refreshing native plugins compatible for Editor in 0.32 ms, found 0 plugins.
Preloading 0 native plugins for Editor in 0.00 ms.
Unloading 1304 Unused Serialized files (Serialized files now loaded: 0)
System memory in use before: 67.9 MB.
System memory in use after: 67.9 MB.

Unloading 6 unused Assets to reduce memory usage. Loaded Objects now: 1799.
Total: 2.075900 ms (FindLiveObjects: 0.209700 ms CreateObjectMapping: 0.053700 ms MarkObjects: 1.777700 ms  DeleteObjects: 0.033700 ms)

========================================================================
Received Prepare
Registering precompiled user dll's ...
Registered in 0.000626 seconds.
Begin MonoManager ReloadAssembly
Native extension for WindowsStandalone target not found
Native extension for OSXStandalone target not found
Native extension for WebGL target not found
Refreshing native plugins compatible for Editor in 0.25 ms, found 0 plugins.
Preloading 0 native plugins for Editor in 0.00 ms.
Invoked RoslynAnalysisRunner static constructor.
RoslynAnalysisRunner will not be running.
RoslynAnalysisRunner has terminated.
Mono: successfully reloaded assembly
- Completed reload, in  0.792 seconds
Platform modules already initialized, skipping
Refreshing native plugins compatible for Editor in 0.36 ms, found 0 plugins.
Preloading 0 native plugins for Editor in 0.00 ms.
Unloading 1304 Unused Serialized files (Serialized files now loaded: 0)
System memory in use before: 67.9 MB.
System memory in use after: 68.0 MB.

Unloading 6 unused Assets to reduce memory usage. Loaded Objects now: 1801.
Total: 3.185500 ms (FindLiveObjects: 0.255200 ms CreateObjectMapping: 0.182100 ms MarkObjects: 2.707500 ms  DeleteObjects: 0.039400 ms)

========================================================================
Received Prepare
Registering precompiled user dll's ...
Registered in 0.000657 seconds.
Begin MonoManager ReloadAssembly
Native extension for WindowsStandalone target not found
Native extension for OSXStandalone target not found
Native extension for WebGL target not found
Refreshing native plugins compatible for Editor in 0.29 ms, found 0 plugins.
Preloading 0 native plugins for Editor in 0.00 ms.
Invoked RoslynAnalysisRunner static constructor.
RoslynAnalysisRunner will not be running.
RoslynAnalysisRunner has terminated.
Mono: successfully reloaded assembly
- Completed reload, in  0.894 seconds
Platform modules already initialized, skipping
Refreshing native plugins compatible for Editor in 0.52 ms, found 0 plugins.
Preloading 0 native plugins for Editor in 0.00 ms.
Unloading 1304 Unused Serialized files (Serialized files now loaded: 0)
System memory in use before: 68.0 MB.
System memory in use after: 68.1 MB.

Unloading 6 unused Assets to reduce memory usage. Loaded Objects now: 1803.
Total: 2.287200 ms (FindLiveObjects: 0.256800 ms CreateObjectMapping: 0.116400 ms MarkObjects: 1.874700 ms  DeleteObjects: 0.037500 ms)

========================================================================
Received Prepare
Registering precompiled user dll's ...
Registered in 0.000674 seconds.
Begin MonoManager ReloadAssembly
Native extension for WindowsStandalone target not found
Native extension for OSXStandalone target not found
Native extension for WebGL target not found
Refreshing native plugins compatible for Editor in 0.25 ms, found 0 plugins.
Preloading 0 native plugins for Editor in 0.00 ms.
Invoked RoslynAnalysisRunner static constructor.
RoslynAnalysisRunner will not be running.
RoslynAnalysisRunner has terminated.
Mono: successfully reloaded assembly
- Completed reload, in  0.730 seconds
Platform modules already initialized, skipping
Refreshing native plugins compatible for Editor in 0.50 ms, found 0 plugins.
Preloading 0 native plugins for Editor in 0.00 ms.
Unloading 1304 Unused Serialized files (Serialized files now loaded: 0)
System memory in use before: 68.1 MB.
System memory in use after: 68.2 MB.

Unloading 6 unused Assets to reduce memory usage. Loaded Objects now: 1805.
Total: 2.798400 ms (FindLiveObjects: 0.364100 ms CreateObjectMapping: 0.208200 ms MarkObjects: 2.172600 ms  DeleteObjects: 0.051500 ms)

========================================================================
Received Prepare
Registering precompiled user dll's ...
Registered in 0.000775 seconds.
Begin MonoManager ReloadAssembly
Native extension for WindowsStandalone target not found
Native extension for OSXStandalone target not found
Native extension for WebGL target not found
Refreshing native plugins compatible for Editor in 0.41 ms, found 0 plugins.
Preloading 0 native plugins for Editor in 0.00 ms.
Invoked RoslynAnalysisRunner static constructor.
RoslynAnalysisRunner will not be running.
RoslynAnalysisRunner has terminated.
Mono: successfully reloaded assembly
- Completed reload, in  0.920 seconds
Platform modules already initialized, skipping
Refreshing native plugins compatible for Editor in 0.45 ms, found 0 plugins.
Preloading 0 native plugins for Editor in 0.00 ms.
Unloading 1304 Unused Serialized files (Serialized files now loaded: 0)
System memory in use before: 68.2 MB.
System memory in use after: 68.3 MB.

Unloading 6 unused Assets to reduce memory usage. Loaded Objects now: 1807.
Total: 1.882200 ms (FindLiveObjects: 0.204300 ms CreateObjectMapping: 0.107200 ms MarkObjects: 1.536500 ms  DeleteObjects: 0.033100 ms)

========================================================================
Received Prepare
Registering precompiled user dll's ...
Registered in 0.001161 seconds.
Begin MonoManager ReloadAssembly
Native extension for WindowsStandalone target not found
Native extension for OSXStandalone target not found
Native extension for WebGL target not found
Refreshing native plugins compatible for Editor in 0.31 ms, found 0 plugins.
Preloading 0 native plugins for Editor in 0.00 ms.
Invoked RoslynAnalysisRunner static constructor.
RoslynAnalysisRunner will not be running.
RoslynAnalysisRunner has terminated.
Mono: successfully reloaded assembly
- Completed reload, in  0.809 seconds
Platform modules already initialized, skipping
Refreshing native plugins compatible for Editor in 0.30 ms, found 0 plugins.
Preloading 0 native plugins for Editor in 0.00 ms.
Unloading 1304 Unused Serialized files (Serialized files now loaded: 0)
System memory in use before: 67.3 MB.
System memory in use after: 67.4 MB.

Unloading 6 unused Assets to reduce memory usage. Loaded Objects now: 1809.
Total: 1.620000 ms (FindLiveObjects: 0.136900 ms CreateObjectMapping: 0.041500 ms MarkObjects: 1.398500 ms  DeleteObjects: 0.042200 ms)

========================================================================
Received Prepare
Registering precompiled user dll's ...
Registered in 0.000713 seconds.
Begin MonoManager ReloadAssembly
Native extension for WindowsStandalone target not found
Native extension for OSXStandalone target not found
Native extension for WebGL target not found
Refreshing native plugins compatible for Editor in 0.31 ms, found 0 plugins.
Preloading 0 native plugins for Editor in 0.00 ms.
Invoked RoslynAnalysisRunner static constructor.
RoslynAnalysisRunner will not be running.
RoslynAnalysisRunner has terminated.
Mono: successfully reloaded assembly
- Completed reload, in  0.691 seconds
Platform modules already initialized, skipping
Refreshing native plugins compatible for Editor in 2.25 ms, found 0 plugins.
Preloading 0 native plugins for Editor in 0.00 ms.
Unloading 1304 Unused Serialized files (Serialized files now loaded: 0)
System memory in use before: 67.4 MB.
System memory in use after: 67.5 MB.

Unloading 6 unused Assets to reduce memory usage. Loaded Objects now: 1811.
Total: 2.899100 ms (FindLiveObjects: 0.304600 ms CreateObjectMapping: 0.159700 ms MarkObjects: 2.385400 ms  DeleteObjects: 0.047400 ms)

========================================================================
Received Prepare
Registering precompiled user dll's ...
Registered in 0.000623 seconds.
Begin MonoManager ReloadAssembly
Native extension for WindowsStandalone target not found
Native extension for OSXStandalone target not found
Native extension for WebGL target not found
Refreshing native plugins compatible for Editor in 0.26 ms, found 0 plugins.
Preloading 0 native plugins for Editor in 0.00 ms.
Invoked RoslynAnalysisRunner static constructor.
RoslynAnalysisRunner will not be running.
RoslynAnalysisRunner has terminated.
Mono: successfully reloaded assembly
- Completed reload, in  0.831 seconds
Platform modules already initialized, skipping
Refreshing native plugins compatible for Editor in 0.32 ms, found 0 plugins.
Preloading 0 native plugins for Editor in 0.00 ms.
Unloading 1304 Unused Serialized files (Serialized files now loaded: 0)
System memory in use before: 67.5 MB.
System memory in use after: 67.6 MB.

Unloading 6 unused Assets to reduce memory usage. Loaded Objects now: 1813.
Total: 2.024600 ms (FindLiveObjects: 0.197600 ms CreateObjectMapping: 0.126100 ms MarkObjects: 1.665600 ms  DeleteObjects: 0.034400 ms)

========================================================================
Received Prepare
Registering precompiled user dll's ...
Registered in 0.000664 seconds.
Begin MonoManager ReloadAssembly
Native extension for WindowsStandalone target not found
Native extension for OSXStandalone target not found
Native extension for WebGL target not found
Refreshing native plugins compatible for Editor in 0.25 ms, found 0 plugins.
Preloading 0 native plugins for Editor in 0.00 ms.
Invoked RoslynAnalysisRunner static constructor.
RoslynAnalysisRunner will not be running.
RoslynAnalysisRunner has terminated.
Mono: successfully reloaded assembly
- Completed reload, in  0.694 seconds
Platform modules already initialized, skipping
Refreshing native plugins compatible for Editor in 0.66 ms, found 0 plugins.
Preloading 0 native plugins for Editor in 0.00 ms.
Unloading 1304 Unused Serialized files (Serialized files now loaded: 0)
System memory in use before: 67.6 MB.
System memory in use after: 67.7 MB.

Unloading 6 unused Assets to reduce memory usage. Loaded Objects now: 1815.
Total: 2.364600 ms (FindLiveObjects: 0.338000 ms CreateObjectMapping: 0.148000 ms MarkObjects: 1.841100 ms  DeleteObjects: 0.036000 ms)

========================================================================
Received Prepare
Registering precompiled user dll's ...
Registered in 0.001131 seconds.
Begin MonoManager ReloadAssembly
Native extension for WindowsStandalone target not found
Native extension for OSXStandalone target not found
Native extension for WebGL target not found
Refreshing native plugins compatible for Editor in 0.26 ms, found 0 plugins.
Preloading 0 native plugins for Editor in 0.00 ms.
Invoked RoslynAnalysisRunner static constructor.
RoslynAnalysisRunner will not be running.
RoslynAnalysisRunner has terminated.
Mono: successfully reloaded assembly
- Completed reload, in  0.695 seconds
Platform modules already initialized, skipping
Refreshing native plugins compatible for Editor in 0.53 ms, found 0 plugins.
Preloading 0 native plugins for Editor in 0.00 ms.
Unloading 1304 Unused Serialized files (Serialized files now loaded: 0)
System memory in use before: 67.7 MB.
System memory in use after: 67.7 MB.

Unloading 6 unused Assets to reduce memory usage. Loaded Objects now: 1817.
Total: 2.380100 ms (FindLiveObjects: 0.302200 ms CreateObjectMapping: 0.107400 ms MarkObjects: 1.929900 ms  DeleteObjects: 0.039100 ms)

========================================================================
Received Prepare
Registering precompiled user dll's ...
Registered in 0.000682 seconds.
Begin MonoManager ReloadAssembly
Native extension for WindowsStandalone target not found
Native extension for OSXStandalone target not found
Native extension for WebGL target not found
Refreshing native plugins compatible for Editor in 0.26 ms, found 0 plugins.
Preloading 0 native plugins for Editor in 0.00 ms.
Invoked RoslynAnalysisRunner static constructor.
RoslynAnalysisRunner will not be running.
RoslynAnalysisRunner has terminated.
Mono: successfully reloaded assembly
- Completed reload, in  0.733 seconds
Platform modules already initialized, skipping
Refreshing native plugins compatible for Editor in 0.86 ms, found 0 plugins.
Preloading 0 native plugins for Editor in 0.00 ms.
Unloading 1304 Unused Serialized files (Serialized files now loaded: 0)
System memory in use before: 67.7 MB.
System memory in use after: 67.8 MB.

Unloading 6 unused Assets to reduce memory usage. Loaded Objects now: 1819.
Total: 2.365000 ms (FindLiveObjects: 0.303700 ms CreateObjectMapping: 0.108500 ms MarkObjects: 1.913800 ms  DeleteObjects: 0.037300 ms)

========================================================================
Received Prepare
Registering precompiled user dll's ...
Registered in 0.000701 seconds.
Begin MonoManager ReloadAssembly
Native extension for WindowsStandalone target not found
Native extension for OSXStandalone target not found
Native extension for WebGL target not found
Refreshing native plugins compatible for Editor in 0.38 ms, found 0 plugins.
Preloading 0 native plugins for Editor in 0.00 ms.
Invoked RoslynAnalysisRunner static constructor.
RoslynAnalysisRunner will not be running.
RoslynAnalysisRunner has terminated.
Mono: successfully reloaded assembly
- Completed reload, in  0.698 seconds
Platform modules already initialized, skipping
Refreshing native plugins compatible for Editor in 0.46 ms, found 0 plugins.
Preloading 0 native plugins for Editor in 0.00 ms.
Unloading 1304 Unused Serialized files (Serialized files now loaded: 0)
System memory in use before: 67.8 MB.
System memory in use after: 67.9 MB.

Unloading 6 unused Assets to reduce memory usage. Loaded Objects now: 1821.
Total: 3.722200 ms (FindLiveObjects: 0.485700 ms CreateObjectMapping: 0.170700 ms MarkObjects: 3.013700 ms  DeleteObjects: 0.050500 ms)

========================================================================
Received Prepare
Registering precompiled user dll's ...
Registered in 0.001361 seconds.
Begin MonoManager ReloadAssembly
Native extension for WindowsStandalone target not found
Native extension for OSXStandalone target not found
Native extension for WebGL target not found
Refreshing native plugins compatible for Editor in 0.30 ms, found 0 plugins.
Preloading 0 native plugins for Editor in 0.00 ms.
Invoked RoslynAnalysisRunner static constructor.
RoslynAnalysisRunner will not be running.
RoslynAnalysisRunner has terminated.
Mono: successfully reloaded assembly
- Completed reload, in  0.747 seconds
Platform modules already initialized, skipping
Refreshing native plugins compatible for Editor in 0.34 ms, found 0 plugins.
Preloading 0 native plugins for Editor in 0.00 ms.
Unloading 1304 Unused Serialized files (Serialized files now loaded: 0)
System memory in use before: 67.9 MB.
System memory in use after: 68.0 MB.

Unloading 6 unused Assets to reduce memory usage. Loaded Objects now: 1823.
Total: 1.600800 ms (FindLiveObjects: 0.147800 ms CreateObjectMapping: 0.041300 ms MarkObjects: 1.370900 ms  DeleteObjects: 0.040000 ms)

========================================================================
Received Prepare
Registering precompiled user dll's ...
Registered in 0.001035 seconds.
Begin MonoManager ReloadAssembly
Native extension for WindowsStandalone target not found
Native extension for OSXStandalone target not found
Native extension for WebGL target not found
Refreshing native plugins compatible for Editor in 0.26 ms, found 0 plugins.
Preloading 0 native plugins for Editor in 0.00 ms.
Invoked RoslynAnalysisRunner static constructor.
RoslynAnalysisRunner will not be running.
RoslynAnalysisRunner has terminated.
Mono: successfully reloaded assembly
- Completed reload, in  0.802 seconds
Platform modules already initialized, skipping
Refreshing native plugins compatible for Editor in 0.57 ms, found 0 plugins.
Preloading 0 native plugins for Editor in 0.00 ms.
Unloading 1304 Unused Serialized files (Serialized files now loaded: 0)
System memory in use before: 68.0 MB.
System memory in use after: 68.1 MB.

Unloading 6 unused Assets to reduce memory usage. Loaded Objects now: 1825.
Total: 2.379900 ms (FindLiveObjects: 0.369300 ms CreateObjectMapping: 0.138900 ms MarkObjects: 1.833200 ms  DeleteObjects: 0.036700 ms)

========================================================================
Received Prepare
Registering precompiled user dll's ...
Registered in 0.000944 seconds.
Begin MonoManager ReloadAssembly
Native extension for WindowsStandalone target not found
Native extension for OSXStandalone target not found
Native extension for WebGL target not found
Refreshing native plugins compatible for Editor in 0.29 ms, found 0 plugins.
Preloading 0 native plugins for Editor in 0.00 ms.
Invoked RoslynAnalysisRunner static constructor.
RoslynAnalysisRunner will not be running.
RoslynAnalysisRunner has terminated.
Mono: successfully reloaded assembly
- Completed reload, in  0.907 seconds
Platform modules already initialized, skipping
Refreshing native plugins compatible for Editor in 0.34 ms, found 0 plugins.
Preloading 0 native plugins for Editor in 0.00 ms.
Unloading 1304 Unused Serialized files (Serialized files now loaded: 0)
System memory in use before: 68.1 MB.
System memory in use after: 68.2 MB.

Unloading 6 unused Assets to reduce memory usage. Loaded Objects now: 1827.
Total: 1.996400 ms (FindLiveObjects: 0.225300 ms CreateObjectMapping: 0.117300 ms MarkObjects: 1.617800 ms  DeleteObjects: 0.034900 ms)

========================================================================
Received Prepare
Registering precompiled user dll's ...
Registered in 0.000646 seconds.
Begin MonoManager ReloadAssembly
Native extension for WindowsStandalone target not found
Native extension for OSXStandalone target not found
Native extension for WebGL target not found
Refreshing native plugins compatible for Editor in 0.25 ms, found 0 plugins.
Preloading 0 native plugins for Editor in 0.00 ms.
Invoked RoslynAnalysisRunner static constructor.
RoslynAnalysisRunner will not be running.
RoslynAnalysisRunner has terminated.
Mono: successfully reloaded assembly
- Completed reload, in  0.747 seconds
Platform modules already initialized, skipping
Refreshing native plugins compatible for Editor in 0.37 ms, found 0 plugins.
Preloading 0 native plugins for Editor in 0.00 ms.
Unloading 1304 Unused Serialized files (Serialized files now loaded: 0)
System memory in use before: 68.2 MB.
System memory in use after: 68.3 MB.

Unloading 6 unused Assets to reduce memory usage. Loaded Objects now: 1829.
Total: 2.139300 ms (FindLiveObjects: 0.196200 ms CreateObjectMapping: 0.093400 ms MarkObjects: 1.808300 ms  DeleteObjects: 0.040500 ms)

========================================================================
Received Prepare
Registering precompiled user dll's ...
Registered in 0.000701 seconds.
Begin MonoManager ReloadAssembly
Native extension for WindowsStandalone target not found
Native extension for OSXStandalone target not found
Native extension for WebGL target not found
Refreshing native plugins compatible for Editor in 0.27 ms, found 0 plugins.
Preloading 0 native plugins for Editor in 0.00 ms.
Invoked RoslynAnalysisRunner static constructor.
RoslynAnalysisRunner will not be running.
RoslynAnalysisRunner has terminated.
Mono: successfully reloaded assembly
- Completed reload, in  0.925 seconds
Platform modules already initialized, skipping
Refreshing native plugins compatible for Editor in 0.37 ms, found 0 plugins.
Preloading 0 native plugins for Editor in 0.00 ms.
Unloading 1304 Unused Serialized files (Serialized files now loaded: 0)
System memory in use before: 68.2 MB.
System memory in use after: 68.3 MB.

Unloading 6 unused Assets to reduce memory usage. Loaded Objects now: 1831.
Total: 2.168500 ms (FindLiveObjects: 0.199500 ms CreateObjectMapping: 0.096700 ms MarkObjects: 1.834100 ms  DeleteObjects: 0.037100 ms)

========================================================================
Received Import Request.
  Time since last request: 5358.414354 seconds.
  path: Assets/Art/Fish/Fish_Full_Tuna.png
  artifactKey: Guid(4177dc260dc02084b9c1517d02cd28d3) Importer(815301076,1909f56bfc062723c751e8b465ee728b)
Start importing Assets/Art/Fish/Fish_Full_Tuna.png using Guid(4177dc260dc02084b9c1517d02cd28d3) Importer(815301076,1909f56bfc062723c751e8b465ee728b)  -> (artifact id: '0c119ef2e454eacf5c548e80dc11a640') in 0.539284 seconds
  Import took 0.586709 seconds .

========================================================================
Received Import Request.
  Time since last request: 1.595937 seconds.
  path: Assets/Art/Fish/Fish_Opaque_Tunatype.png
  artifactKey: Guid(1865cfdb2fbafb242843e9bbc6e99f09) Importer(815301076,1909f56bfc062723c751e8b465ee728b)
Start importing Assets/Art/Fish/Fish_Opaque_Tunatype.png using Guid(1865cfdb2fbafb242843e9bbc6e99f09) Importer(815301076,1909f56bfc062723c751e8b465ee728b)  -> (artifact id: '01d4de4d2752add4d2347f5f5dab9e39') in 0.023560 seconds
  Import took 0.026830 seconds .

========================================================================
Received Import Request.
  Time since last request: 79.737965 seconds.
  path: Assets/Art/Fish/Tuna_Prefab.prefab
  artifactKey: Guid(884088f0dd50c2a46bdd052cad9bff2d) Importer(815301076,1909f56bfc062723c751e8b465ee728b)
Start importing Assets/Art/Fish/Tuna_Prefab.prefab using Guid(884088f0dd50c2a46bdd052cad9bff2d) Importer(815301076,1909f56bfc062723c751e8b465ee728b)  -> (artifact id: '50b86bcf446bb8f3f22157ccb2669986') in 0.049849 seconds
  Import took 0.053018 seconds .

========================================================================
Received Import Request.
  Time since last request: 60.836321 seconds.
  path: Assets/Art/Fish/Amberjack_Prefab.prefab
  artifactKey: Guid(00b5cd6678d13e949807ee5141f7e243) Importer(815301076,1909f56bfc062723c751e8b465ee728b)
Start importing Assets/Art/Fish/Amberjack_Prefab.prefab using Guid(00b5cd6678d13e949807ee5141f7e243) Importer(815301076,1909f56bfc062723c751e8b465ee728b)  -> (artifact id: 'f3f81c180afa589c74f0dee0509316bb') in 0.027521 seconds
  Import took 0.030778 seconds .

========================================================================
Received Import Request.
  Time since last request: 69.230239 seconds.
  path: Assets/Art/Fish/MahiMahi_Prefab.prefab
  artifactKey: Guid(50a6c31664059ab4f8a829259832a7de) Importer(815301076,1909f56bfc062723c751e8b465ee728b)
Start importing Assets/Art/Fish/MahiMahi_Prefab.prefab using Guid(50a6c31664059ab4f8a829259832a7de) Importer(815301076,1909f56bfc062723c751e8b465ee728b)  -> (artifact id: '3f2b4e4dd2c51e0e0e8daf441e91d71b') in 0.022206 seconds
  Import took 0.025306 seconds .

========================================================================
Received Import Request.
  Time since last request: 13.131692 seconds.
  path: Assets/Prefabs
  artifactKey: Guid(ed65a7301ebc0cb4fb0ecde4d7102234) Importer(815301076,1909f56bfc062723c751e8b465ee728b)
Start importing Assets/Prefabs using Guid(ed65a7301ebc0cb4fb0ecde4d7102234) Importer(815301076,1909f56bfc062723c751e8b465ee728b)  -> (artifact id: '0df10db73d376cfa3c8f4c2bbbc0130c') in 0.011468 seconds
  Import took 0.014389 seconds .

========================================================================
Received Prepare
Registering precompiled user dll's ...
Registered in 0.001076 seconds.
Begin MonoManager ReloadAssembly
Native extension for WindowsStandalone target not found
Native extension for OSXStandalone target not found
Native extension for WebGL target not found
Refreshing native plugins compatible for Editor in 0.47 ms, found 0 plugins.
Preloading 0 native plugins for Editor in 0.00 ms.
Invoked RoslynAnalysisRunner static constructor.
RoslynAnalysisRunner will not be running.
RoslynAnalysisRunner has terminated.
Mono: successfully reloaded assembly
- Completed reload, in  0.948 seconds
Platform modules already initialized, skipping
Refreshing native plugins compatible for Editor in 0.28 ms, found 0 plugins.
Preloading 0 native plugins for Editor in 0.00 ms.
Unloading 1304 Unused Serialized files (Serialized files now loaded: 0)
System memory in use before: 67.4 MB.
System memory in use after: 67.5 MB.

Unloading 6 unused Assets to reduce memory usage. Loaded Objects now: 1837.
Total: 1.898400 ms (FindLiveObjects: 0.158400 ms CreateObjectMapping: 0.043000 ms MarkObjects: 1.653300 ms  DeleteObjects: 0.042700 ms)

========================================================================
Received Import Request.
  Time since last request: 60.016805 seconds.
  path: Assets/Prefabs/Amberjack_Prefab.prefab
  artifactKey: Guid(00b5cd6678d13e949807ee5141f7e243) Importer(815301076,1909f56bfc062723c751e8b465ee728b)
Start importing Assets/Prefabs/Amberjack_Prefab.prefab using Guid(00b5cd6678d13e949807ee5141f7e243) Importer(815301076,1909f56bfc062723c751e8b465ee728b)  -> (artifact id: 'ea0f70cefce101f0b7abea796a36fb81') in 0.058098 seconds
  Import took 0.061215 seconds .

========================================================================
Received Import Request.
  Time since last request: 2.964041 seconds.
  path: Assets/Prefabs/MahiMahi_Prefab.prefab
  artifactKey: Guid(50a6c31664059ab4f8a829259832a7de) Importer(815301076,1909f56bfc062723c751e8b465ee728b)
Start importing Assets/Prefabs/MahiMahi_Prefab.prefab using Guid(50a6c31664059ab4f8a829259832a7de) Importer(815301076,1909f56bfc062723c751e8b465ee728b)  -> (artifact id: '3a0ee21b2ae6c418f51d7c55f40ee1d7') in 0.014424 seconds
  Import took 0.017288 seconds .

========================================================================
Received Import Request.
  Time since last request: 6.604502 seconds.
  path: Assets/Prefabs/Tuna_Prefab.prefab
  artifactKey: Guid(884088f0dd50c2a46bdd052cad9bff2d) Importer(815301076,1909f56bfc062723c751e8b465ee728b)
Start importing Assets/Prefabs/Tuna_Prefab.prefab using Guid(884088f0dd50c2a46bdd052cad9bff2d) Importer(815301076,1909f56bfc062723c751e8b465ee728b)  -> (artifact id: '5584b0fc66059f7fd458df22316bd4fc') in 0.011000 seconds
  Import took 0.014422 seconds .

========================================================================
Received Prepare
Registering precompiled user dll's ...
Registered in 0.001009 seconds.
Begin MonoManager ReloadAssembly
Native extension for WindowsStandalone target not found
Native extension for OSXStandalone target not found
Native extension for WebGL target not found
Refreshing native plugins compatible for Editor in 0.33 ms, found 0 plugins.
Preloading 0 native plugins for Editor in 0.00 ms.
Invoked RoslynAnalysisRunner static constructor.
RoslynAnalysisRunner will not be running.
RoslynAnalysisRunner has terminated.
Mono: successfully reloaded assembly
- Completed reload, in  0.845 seconds
Platform modules already initialized, skipping
Refreshing native plugins compatible for Editor in 0.51 ms, found 0 plugins.
Preloading 0 native plugins for Editor in 0.00 ms.
Unloading 1304 Unused Serialized files (Serialized files now loaded: 0)
System memory in use before: 67.5 MB.
System memory in use after: 67.6 MB.

Unloading 6 unused Assets to reduce memory usage. Loaded Objects now: 1840.
Total: 1.825500 ms (FindLiveObjects: 0.197800 ms CreateObjectMapping: 0.094200 ms MarkObjects: 1.501100 ms  DeleteObjects: 0.031500 ms)

========================================================================
Received Import Request.
  Time since last request: 106.290838 seconds.
  path: Assets/Prefabs/Amberjack_Prefab.prefab
  artifactKey: Guid(00b5cd6678d13e949807ee5141f7e243) Importer(815301076,1909f56bfc062723c751e8b465ee728b)
Start importing Assets/Prefabs/Amberjack_Prefab.prefab using Guid(00b5cd6678d13e949807ee5141f7e243) Importer(815301076,1909f56bfc062723c751e8b465ee728b)  -> (artifact id: '0eceed936982eb6fdbb45bac6fb20217') in 0.058724 seconds
  Import took 0.061514 seconds .

AssetImportWorkerClient::OnTransportError - code=2 error=End of file
